<?xml version="1.0" encoding="UTF-8"?>
<testsuite name="com.google.protobuf.WireFormatTest" time="0.043" tests="28" errors="0" skipped="0" failures="0">
  <properties>
[...]
</properties>
  <testcase name="testSerialization" classname="com.google.protobuf.WireFormatTest" time="0.001"/>
  <testcase name="testParseExtensions" classname="com.google.protobuf.WireFormatTest" time="0.002"/>
  <testcase name="testSerializationPacked" classname="com.google.protobuf.WireFormatTest" time="0"/>
  <testcase name="testSerializeExtensions" classname="com.google.protobuf.WireFormatTest" time="0.001"/>
  <testcase name="testSerializePackedExtensions" classname="com.google.protobuf.WireFormatTest" time="0.003"/>
  <testcase name="testSerializationPackedWithoutGetSerializedSize" classname="com.google.protobuf.WireFormatTest" time="0"/>
  <testcase name="testSerializeExtensionsLite" classname="com.google.protobuf.WireFormatTest" time="0.002"/>
  <testcase name="testSerializePackedExtensionsLite" classname="com.google.protobuf.WireFormatTest" time="0.001"/>
  <testcase name="testParsePackedExtensions" classname="com.google.protobuf.WireFormatTest" time="0.001"/>
  <testcase name="testParseExtensionsLite" classname="com.google.protobuf.WireFormatTest" time="0.003"/>
  <testcase name="testParsePackedExtensionsLite" classname="com.google.protobuf.WireFormatTest" time="0.001"/>
  <testcase name="testExtensionsSerializedSize" classname="com.google.protobuf.WireFormatTest" time="0.001"/>
  <testcase name="testSerializeDelimited" classname="com.google.protobuf.WireFormatTest" time="0.001"/>
  <testcase name="testInterleavedFieldsAndExtensions" classname="com.google.protobuf.WireFormatTest" time="0.009"/>
  <testcase name="testParseMultipleExtensionRanges" classname="com.google.protobuf.WireFormatTest" time="0.001"/>
  <testcase name="testParseMultipleExtensionRangesDynamic" classname="com.google.protobuf.WireFormatTest" time="0.001"/>
  <testcase name="testSerializeMessageSetEagerly" classname="com.google.protobuf.WireFormatTest" time="0.004"/>
  <testcase name="testSerializeMessageSetNotEagerly" classname="com.google.protobuf.WireFormatTest" time="0"/>
  <testcase name="testParseMessageSetEagerly" classname="com.google.protobuf.WireFormatTest" time="0.003"/>
  <testcase name="testParseMessageSetNotEagerly" classname="com.google.protobuf.WireFormatTest" time="0.001"/>
  <testcase name="testParseMessageSetExtensionEagerly" classname="com.google.protobuf.WireFormatTest" time="0"/>
  <testcase name="testParseMessageSetExtensionNotEagerly" classname="com.google.protobuf.WireFormatTest" time="0.001"/>
  <testcase name="testMergeLazyMessageSetExtensionEagerly" classname="com.google.protobuf.WireFormatTest" time="0"/>
  <testcase name="testMergeLazyMessageSetExtensionNotEagerly" classname="com.google.protobuf.WireFormatTest" time="0"/>
  <testcase name="testMergeMessageSetExtensionEagerly" classname="com.google.protobuf.WireFormatTest" time="0"/>
  <testcase name="testMergeMessageSetExtensionNotEagerly" classname="com.google.protobuf.WireFormatTest" time="0"/>
  <testcase name="testOneofWireFormat" classname="com.google.protobuf.WireFormatTest" time="0.001"/>
  <testcase name="testOneofOnlyLastSet" classname="com.google.protobuf.WireFormatTest" time="0.005"/>
</testsuite>